  [1m[36mSQL (0.6ms)[0m  [1m SELECT name
 FROM sqlite_master
 WHERE type = 'table' AND NOT name = 'sqlite_sequence'
[0m
  [1m[36mSQL (0.5ms)[0m  [1m SELECT name
 FROM sqlite_master
 WHERE type = 'table' AND NOT name = 'sqlite_sequence'
[0m
  [1m[35mSQL (0.1ms)[0m  select sqlite_version(*)
  [1m[36mSQL (59.6ms)[0m  [1mCREATE TABLE "schema_migrations" ("version" varchar(255) NOT NULL) [0m
  [1m[35mSQL (0.1ms)[0m  PRAGMA index_list("schema_migrations")
  [1m[36mSQL (31.5ms)[0m  [1mCREATE UNIQUE INDEX "unique_schema_migrations" ON "schema_migrations" ("version")[0m
  [1m[35mSQL (0.4ms)[0m   SELECT name
 FROM sqlite_master
 WHERE type = 'table' AND NOT name = 'sqlite_sequence'
  [1m[36mSQL (0.3ms)[0m  [1m SELECT name
 FROM sqlite_master
 WHERE type = 'table' AND NOT name = 'sqlite_sequence'
[0m
  [1m[35mSQL (0.2ms)[0m  SELECT "schema_migrations"."version" FROM "schema_migrations"
Migrating to CreateUsers (20110317095704)
  [1m[36mSQL (1.1ms)[0m  [1mCREATE TABLE "users" ("id" INTEGER PRIMARY KEY AUTOINCREMENT NOT NULL, "name" varchar(255), "email" varchar(255), "created_at" datetime, "updated_at" datetime) [0m
  [1m[35mSQL (0.4ms)[0m  INSERT INTO "schema_migrations" ("version") VALUES ('20110317095704')
  [1m[36mSQL (0.3ms)[0m  [1m SELECT name
 FROM sqlite_master
 WHERE type = 'table' AND NOT name = 'sqlite_sequence'
[0m
  [1m[35mSQL (0.1ms)[0m  SELECT "schema_migrations"."version" FROM "schema_migrations"
  [1m[36mSQL (0.2ms)[0m  [1m SELECT name
 FROM sqlite_master
 WHERE type = 'table' AND NOT name = 'sqlite_sequence'
[0m
  [1m[35mSQL (0.1ms)[0m  PRAGMA index_list("users")
  [1m[36mSQL (0.6ms)[0m  [1m SELECT name
 FROM sqlite_master
 WHERE type = 'table' AND NOT name = 'sqlite_sequence'
[0m
  [1m[35mSQL (0.2ms)[0m   SELECT name
 FROM sqlite_master
 WHERE type = 'table' AND NOT name = 'sqlite_sequence'
  [1m[36mSQL (0.2ms)[0m  [1mSELECT "schema_migrations"."version" FROM "schema_migrations"[0m
  [1m[36mSQL (0.7ms)[0m  [1m SELECT name
 FROM sqlite_master
 WHERE type = 'table' AND NOT name = 'sqlite_sequence'
[0m
  [1m[35mSQL (0.2ms)[0m   SELECT name
 FROM sqlite_master
 WHERE type = 'table' AND NOT name = 'sqlite_sequence'
  [1m[36mSQL (0.1ms)[0m  [1mSELECT "schema_migrations"."version" FROM "schema_migrations"[0m
  [1m[35mSQL (0.1ms)[0m  select sqlite_version(*)
  [1m[36mSQL (0.3ms)[0m  [1m SELECT name
 FROM sqlite_master
 WHERE type = 'table' AND NOT name = 'sqlite_sequence'
[0m
  [1m[35mSQL (97.3ms)[0m  CREATE TABLE "users" ("id" INTEGER PRIMARY KEY AUTOINCREMENT NOT NULL, "name" varchar(255), "email" varchar(255), "created_at" datetime, "updated_at" datetime) 
  [1m[36mSQL (0.4ms)[0m  [1m SELECT name
 FROM sqlite_master
 WHERE type = 'table' AND NOT name = 'sqlite_sequence'
[0m
  [1m[35mSQL (30.7ms)[0m  CREATE TABLE "schema_migrations" ("version" varchar(255) NOT NULL) 
  [1m[36mSQL (0.1ms)[0m  [1mPRAGMA index_list("schema_migrations")[0m
  [1m[35mSQL (31.0ms)[0m  CREATE UNIQUE INDEX "unique_schema_migrations" ON "schema_migrations" ("version")
  [1m[36mSQL (0.4ms)[0m  [1m SELECT name
 FROM sqlite_master
 WHERE type = 'table' AND NOT name = 'sqlite_sequence'
[0m
  [1m[35mSQL (0.2ms)[0m  SELECT version FROM "schema_migrations"
  [1m[36mSQL (32.4ms)[0m  [1mINSERT INTO "schema_migrations" (version) VALUES ('20110317095704')[0m
  [1m[36mSQL (0.7ms)[0m  [1m SELECT name
 FROM sqlite_master
 WHERE type = 'table' AND NOT name = 'sqlite_sequence'
[0m
  [1m[35mSQL (0.2ms)[0m   SELECT name
 FROM sqlite_master
 WHERE type = 'table' AND NOT name = 'sqlite_sequence'
  [1m[36mSQL (0.2ms)[0m  [1mSELECT "schema_migrations"."version" FROM "schema_migrations"[0m
Migrating to CreateUsers (20110317095704)
Migrating to AddEmailUniquenessIndex (20110317104020)
  [1m[35mSQL (0.1ms)[0m  select sqlite_version(*)
  [1m[36mSQL (0.1ms)[0m  [1mPRAGMA index_list("users")[0m
  [1m[35mSQL (0.8ms)[0m  CREATE UNIQUE INDEX "index_users_on_email" ON "users" ("email")
  [1m[36mSQL (0.3ms)[0m  [1mINSERT INTO "schema_migrations" ("version") VALUES ('20110317104020')[0m
  [1m[35mSQL (0.3ms)[0m   SELECT name
 FROM sqlite_master
 WHERE type = 'table' AND NOT name = 'sqlite_sequence'
  [1m[36mSQL (0.2ms)[0m  [1mSELECT "schema_migrations"."version" FROM "schema_migrations"[0m
  [1m[35mSQL (0.2ms)[0m   SELECT name
 FROM sqlite_master
 WHERE type = 'table' AND NOT name = 'sqlite_sequence'
  [1m[36mSQL (0.1ms)[0m  [1mPRAGMA index_list("users")[0m
  [1m[35mSQL (0.1ms)[0m  PRAGMA index_info('index_users_on_email')


Started GET "/" for 127.0.0.1 at Thu Mar 17 11:45:33 +0100 2011
  Processing by PagesController#home as HTML
ERROR: compiling _app_views_layouts_application_html_erb___858183446__621247888_0 RAISED compile error
/home/richy/Documents/HTW/5. Semester/Ruby on Rails/Tutorial/chapter6/app/views/layouts/application.html.erb:15: syntax error, unexpected ')'
...s) if Rails.env.development= );@output_buffer.safe_concat('
                              ^
/home/richy/Documents/HTW/5. Semester/Ruby on Rails/Tutorial/chapter6/app/views/layouts/application.html.erb:21: syntax error, unexpected kENSURE, expecting ')'
/home/richy/Documents/HTW/5. Semester/Ruby on Rails/Tutorial/chapter6/app/views/layouts/application.html.erb:23: syntax error, unexpected kEND, expecting ')'
Function body:           def _app_views_layouts_application_html_erb___858183446__621247888_0(local_assigns)
            _old_virtual_path, @_virtual_path = @_virtual_path, "layouts/application";_old_output_buffer = @output_buffer;;@output_buffer = ActionView::OutputBuffer.new;@output_buffer.safe_concat('
<!DOCTYPE html>
<html>
  <head>
    <title>');@output_buffer.append= ( title );@output_buffer.safe_concat('</title>
    ');@output_buffer.append= ( csrf_meta_tag );@output_buffer.safe_concat('
');@output_buffer.safe_concat('    ');@output_buffer.append= ( render 'layouts/stylesheets' );@output_buffer.safe_concat('
');@output_buffer.safe_concat('    </head>
  <body>
    <div class="container">
      ');@output_buffer.append= ( render 'layouts/header' );@output_buffer.safe_concat('
');@output_buffer.safe_concat('      <section class="round">');@output_buffer.append= ( yield );@output_buffer.safe_concat('</section>
      <br />
      ');@output_buffer.append= ( render 'layouts/footer' );@output_buffer.safe_concat('
');@output_buffer.safe_concat('      ');@output_buffer.append= ( debug(params) if Rails.env.development= );@output_buffer.safe_concat('
');@output_buffer.safe_concat('    </div>
  </body>
</html>

');@output_buffer.to_s
          ensure
            @_virtual_path, @output_buffer = _old_virtual_path, _old_output_buffer
          end
Backtrace: /home/richy/Documents/HTW/5. Semester/Ruby on Rails/Tutorial/chapter6/app/views/layouts/application.html.erb:23:in `compile'
/var/lib/gems/1.8/gems/actionpack-3.0.5/lib/action_view/template.rb:134:in `render'
/var/lib/gems/1.8/gems/activesupport-3.0.5/lib/active_support/notifications.rb:54:in `instrument'
/var/lib/gems/1.8/gems/actionpack-3.0.5/lib/action_view/template.rb:127:in `render'
/var/lib/gems/1.8/gems/actionpack-3.0.5/lib/action_view/render/layouts.rb:80:in `_render_layout'
/var/lib/gems/1.8/gems/actionpack-3.0.5/lib/action_view/render/rendering.rb:62:in `_render_template'
/var/lib/gems/1.8/gems/activesupport-3.0.5/lib/active_support/notifications.rb:52:in `instrument'
/var/lib/gems/1.8/gems/activesupport-3.0.5/lib/active_support/notifications/instrumenter.rb:21:in `instrument'
/var/lib/gems/1.8/gems/activesupport-3.0.5/lib/active_support/notifications.rb:52:in `instrument'
/var/lib/gems/1.8/gems/actionpack-3.0.5/lib/action_view/render/rendering.rb:56:in `_render_template'
/var/lib/gems/1.8/gems/actionpack-3.0.5/lib/action_view/render/rendering.rb:26:in `render'
/var/lib/gems/1.8/gems/actionpack-3.0.5/lib/abstract_controller/rendering.rb:115:in `_render_template'
/var/lib/gems/1.8/gems/actionpack-3.0.5/lib/abstract_controller/rendering.rb:109:in `render_to_body'
/var/lib/gems/1.8/gems/actionpack-3.0.5/lib/action_controller/metal/renderers.rb:47:in `render_to_body'
/var/lib/gems/1.8/gems/actionpack-3.0.5/lib/action_controller/metal/compatibility.rb:55:in `render_to_body'
/var/lib/gems/1.8/gems/actionpack-3.0.5/lib/abstract_controller/rendering.rb:102:in `render_to_string'
/var/lib/gems/1.8/gems/actionpack-3.0.5/lib/abstract_controller/rendering.rb:93:in `render'
/var/lib/gems/1.8/gems/actionpack-3.0.5/lib/action_controller/metal/rendering.rb:17:in `render'
/var/lib/gems/1.8/gems/actionpack-3.0.5/lib/action_controller/metal/instrumentation.rb:40:in `render'
/var/lib/gems/1.8/gems/activesupport-3.0.5/lib/active_support/core_ext/benchmark.rb:5:in `ms'
/usr/lib/ruby/1.8/benchmark.rb:308:in `realtime'
/var/lib/gems/1.8/gems/activesupport-3.0.5/lib/active_support/core_ext/benchmark.rb:5:in `ms'
/var/lib/gems/1.8/gems/actionpack-3.0.5/lib/action_controller/metal/instrumentation.rb:40:in `render'
/var/lib/gems/1.8/gems/actionpack-3.0.5/lib/action_controller/metal/instrumentation.rb:78:in `cleanup_view_runtime'
/var/lib/gems/1.8/gems/activerecord-3.0.5/lib/active_record/railties/controller_runtime.rb:15:in `cleanup_view_runtime'
/var/lib/gems/1.8/gems/actionpack-3.0.5/lib/action_controller/metal/instrumentation.rb:39:in `render'
/var/lib/gems/1.8/gems/actionpack-3.0.5/lib/action_controller/metal/implicit_render.rb:10:in `default_render'
/var/lib/gems/1.8/gems/actionpack-3.0.5/lib/action_controller/metal/implicit_render.rb:5:in `send_action'
/var/lib/gems/1.8/gems/actionpack-3.0.5/lib/abstract_controller/base.rb:150:in `process_action'
/var/lib/gems/1.8/gems/actionpack-3.0.5/lib/action_controller/metal/rendering.rb:11:in `process_action'
/var/lib/gems/1.8/gems/actionpack-3.0.5/lib/abstract_controller/callbacks.rb:18:in `process_action'
/var/lib/gems/1.8/gems/activesupport-3.0.5/lib/active_support/callbacks.rb:435:in `_run__367793087__process_action__516519628__callbacks'
/var/lib/gems/1.8/gems/activesupport-3.0.5/lib/active_support/callbacks.rb:409:in `send'
/var/lib/gems/1.8/gems/activesupport-3.0.5/lib/active_support/callbacks.rb:409:in `_run_process_action_callbacks'
/var/lib/gems/1.8/gems/activesupport-3.0.5/lib/active_support/callbacks.rb:93:in `send'
/var/lib/gems/1.8/gems/activesupport-3.0.5/lib/active_support/callbacks.rb:93:in `run_callbacks'
/var/lib/gems/1.8/gems/actionpack-3.0.5/lib/abstract_controller/callbacks.rb:17:in `process_action'
/var/lib/gems/1.8/gems/actionpack-3.0.5/lib/action_controller/metal/instrumentation.rb:30:in `process_action'
/var/lib/gems/1.8/gems/activesupport-3.0.5/lib/active_support/notifications.rb:52:in `instrument'
/var/lib/gems/1.8/gems/activesupport-3.0.5/lib/active_support/notifications/instrumenter.rb:21:in `instrument'
/var/lib/gems/1.8/gems/activesupport-3.0.5/lib/active_support/notifications.rb:52:in `instrument'
/var/lib/gems/1.8/gems/actionpack-3.0.5/lib/action_controller/metal/instrumentation.rb:29:in `process_action'
/var/lib/gems/1.8/gems/actionpack-3.0.5/lib/action_controller/metal/rescue.rb:17:in `process_action'
/var/lib/gems/1.8/gems/actionpack-3.0.5/lib/abstract_controller/base.rb:119:in `process'
/var/lib/gems/1.8/gems/actionpack-3.0.5/lib/abstract_controller/rendering.rb:41:in `process'
/var/lib/gems/1.8/gems/actionpack-3.0.5/lib/action_controller/metal.rb:138:in `dispatch'
/var/lib/gems/1.8/gems/actionpack-3.0.5/lib/action_controller/metal/rack_delegation.rb:14:in `dispatch'
/var/lib/gems/1.8/gems/actionpack-3.0.5/lib/action_controller/metal.rb:178:in `action'
/var/lib/gems/1.8/gems/actionpack-3.0.5/lib/action_dispatch/routing/route_set.rb:62:in `call'
/var/lib/gems/1.8/gems/actionpack-3.0.5/lib/action_dispatch/routing/route_set.rb:62:in `dispatch'
/var/lib/gems/1.8/gems/actionpack-3.0.5/lib/action_dispatch/routing/route_set.rb:27:in `call'
/var/lib/gems/1.8/gems/rack-mount-0.6.13/lib/rack/mount/route_set.rb:148:in `call'
/var/lib/gems/1.8/gems/rack-mount-0.6.13/lib/rack/mount/code_generation.rb:93:in `recognize'
/var/lib/gems/1.8/gems/rack-mount-0.6.13/lib/rack/mount/code_generation.rb:68:in `optimized_each'
/var/lib/gems/1.8/gems/rack-mount-0.6.13/lib/rack/mount/code_generation.rb:92:in `recognize'
/var/lib/gems/1.8/gems/rack-mount-0.6.13/lib/rack/mount/route_set.rb:139:in `call'
/var/lib/gems/1.8/gems/actionpack-3.0.5/lib/action_dispatch/routing/route_set.rb:492:in `call'
/var/lib/gems/1.8/gems/actionpack-3.0.5/lib/action_dispatch/middleware/best_standards_support.rb:17:in `call'
/var/lib/gems/1.8/gems/actionpack-3.0.5/lib/action_dispatch/middleware/head.rb:14:in `call'
/var/lib/gems/1.8/gems/rack-1.2.2/lib/rack/methodoverride.rb:24:in `call'
/var/lib/gems/1.8/gems/actionpack-3.0.5/lib/action_dispatch/middleware/params_parser.rb:21:in `call'
/var/lib/gems/1.8/gems/actionpack-3.0.5/lib/action_dispatch/middleware/flash.rb:182:in `call'
/var/lib/gems/1.8/gems/actionpack-3.0.5/lib/action_dispatch/middleware/session/abstract_store.rb:149:in `call'
/var/lib/gems/1.8/gems/actionpack-3.0.5/lib/action_dispatch/middleware/cookies.rb:302:in `call'
/var/lib/gems/1.8/gems/activerecord-3.0.5/lib/active_record/query_cache.rb:32:in `call'
/var/lib/gems/1.8/gems/activerecord-3.0.5/lib/active_record/connection_adapters/abstract/query_cache.rb:28:in `cache'
/var/lib/gems/1.8/gems/activerecord-3.0.5/lib/active_record/query_cache.rb:12:in `cache'
/var/lib/gems/1.8/gems/activerecord-3.0.5/lib/active_record/query_cache.rb:31:in `call'
/var/lib/gems/1.8/gems/activerecord-3.0.5/lib/active_record/connection_adapters/abstract/connection_pool.rb:354:in `call'
/var/lib/gems/1.8/gems/actionpack-3.0.5/lib/action_dispatch/middleware/callbacks.rb:46:in `call'
/var/lib/gems/1.8/gems/activesupport-3.0.5/lib/active_support/callbacks.rb:415:in `_run_call_callbacks'
/var/lib/gems/1.8/gems/actionpack-3.0.5/lib/action_dispatch/middleware/callbacks.rb:44:in `call'
/var/lib/gems/1.8/gems/rack-1.2.2/lib/rack/sendfile.rb:107:in `call'
/var/lib/gems/1.8/gems/actionpack-3.0.5/lib/action_dispatch/middleware/remote_ip.rb:48:in `call'
/var/lib/gems/1.8/gems/actionpack-3.0.5/lib/action_dispatch/middleware/show_exceptions.rb:47:in `call'
/var/lib/gems/1.8/gems/railties-3.0.5/lib/rails/rack/logger.rb:13:in `call'
/var/lib/gems/1.8/gems/rack-1.2.2/lib/rack/runtime.rb:17:in `call'
/var/lib/gems/1.8/gems/activesupport-3.0.5/lib/active_support/cache/strategy/local_cache.rb:72:in `call'
/var/lib/gems/1.8/gems/rack-1.2.2/lib/rack/lock.rb:11:in `call'
/var/lib/gems/1.8/gems/rack-1.2.2/lib/rack/lock.rb:11:in `synchronize'
/var/lib/gems/1.8/gems/rack-1.2.2/lib/rack/lock.rb:11:in `call'
/var/lib/gems/1.8/gems/actionpack-3.0.5/lib/action_dispatch/middleware/static.rb:30:in `call'
/var/lib/gems/1.8/gems/railties-3.0.5/lib/rails/application.rb:168:in `call'
/var/lib/gems/1.8/gems/railties-3.0.5/lib/rails/application.rb:77:in `send'
/var/lib/gems/1.8/gems/railties-3.0.5/lib/rails/application.rb:77:in `method_missing'
/var/lib/gems/1.8/gems/railties-3.0.5/lib/rails/rack/log_tailer.rb:14:in `call'
/var/lib/gems/1.8/gems/rack-1.2.2/lib/rack/content_length.rb:13:in `call'
/var/lib/gems/1.8/gems/rack-1.2.2/lib/rack/handler/webrick.rb:52:in `service'
/usr/lib/ruby/1.8/webrick/httpserver.rb:104:in `service'
/usr/lib/ruby/1.8/webrick/httpserver.rb:65:in `run'
/usr/lib/ruby/1.8/webrick/server.rb:173:in `start_thread'
/usr/lib/ruby/1.8/webrick/server.rb:162:in `start'
/usr/lib/ruby/1.8/webrick/server.rb:162:in `start_thread'
/usr/lib/ruby/1.8/webrick/server.rb:95:in `start'
/usr/lib/ruby/1.8/webrick/server.rb:92:in `each'
/usr/lib/ruby/1.8/webrick/server.rb:92:in `start'
/usr/lib/ruby/1.8/webrick/server.rb:23:in `start'
/usr/lib/ruby/1.8/webrick/server.rb:82:in `start'
/var/lib/gems/1.8/gems/rack-1.2.2/lib/rack/handler/webrick.rb:13:in `run'
/var/lib/gems/1.8/gems/rack-1.2.2/lib/rack/server.rb:213:in `start'
/var/lib/gems/1.8/gems/railties-3.0.5/lib/rails/commands/server.rb:65:in `start'
/var/lib/gems/1.8/gems/railties-3.0.5/lib/rails/commands.rb:30
/var/lib/gems/1.8/gems/railties-3.0.5/lib/rails/commands.rb:27:in `tap'
/var/lib/gems/1.8/gems/railties-3.0.5/lib/rails/commands.rb:27
script/rails:6:in `require'
script/rails:6
Rendered pages/home.html.erb within layouts/application (5.7ms)
Completed   in 14ms

ActionView::Template::Error (compile error
/home/richy/Documents/HTW/5. Semester/Ruby on Rails/Tutorial/chapter6/app/views/layouts/application.html.erb:15: syntax error, unexpected ')'
...s) if Rails.env.development= );@output_buffer.safe_concat('
                              ^
/home/richy/Documents/HTW/5. Semester/Ruby on Rails/Tutorial/chapter6/app/views/layouts/application.html.erb:21: syntax error, unexpected kENSURE, expecting ')'
/home/richy/Documents/HTW/5. Semester/Ruby on Rails/Tutorial/chapter6/app/views/layouts/application.html.erb:23: syntax error, unexpected kEND, expecting ')'):
    12:       <section class="round"><%= yield %></section>
    13:       <br />
    14:       <%= render 'layouts/footer' %>
    15:       <%= debug(params) if Rails.env.development= %>
    16:     </div>
    17:   </body>
    18: </html>
  app/views/layouts/application.html.erb:23:in `compile'

Rendered /var/lib/gems/1.8/gems/actionpack-3.0.5/lib/action_dispatch/middleware/templates/rescues/_trace.erb (1.9ms)
Rendered /var/lib/gems/1.8/gems/actionpack-3.0.5/lib/action_dispatch/middleware/templates/rescues/_request_and_response.erb (6.3ms)
Rendered /var/lib/gems/1.8/gems/actionpack-3.0.5/lib/action_dispatch/middleware/templates/rescues/template_error.erb within rescues/layout (15.8ms)


Started GET "/" for 127.0.0.1 at Thu Mar 17 11:45:50 +0100 2011
  Processing by PagesController#home as HTML
Rendered layouts/_stylesheets.html.erb (1.7ms)
Rendered layouts/_header.html.erb (2.4ms)
Rendered layouts/_footer.html.erb (1.3ms)
Rendered pages/home.html.erb within layouts/application (14.4ms)
Completed 200 OK in 23ms (Views: 22.7ms | ActiveRecord: 0.0ms)


Started GET "/stylesheets/blueprint/screen.css" for 127.0.0.1 at Thu Mar 17 11:45:50 +0100 2011

ActionController::RoutingError (No route matches "/stylesheets/blueprint/screen.css"):
  

Rendered /var/lib/gems/1.8/gems/actionpack-3.0.5/lib/action_dispatch/middleware/templates/rescues/routing_error.erb within rescues/layout (1.1ms)


Started GET "/stylesheets/blueprint/print.css" for 127.0.0.1 at Thu Mar 17 11:45:50 +0100 2011

ActionController::RoutingError (No route matches "/stylesheets/blueprint/print.css"):
  

Rendered /var/lib/gems/1.8/gems/actionpack-3.0.5/lib/action_dispatch/middleware/templates/rescues/routing_error.erb within rescues/layout (1.1ms)
  [1m[36mSQL (0.3ms)[0m  [1m SELECT name
 FROM sqlite_master
 WHERE type = 'table' AND NOT name = 'sqlite_sequence'
[0m
  [1m[35mUser Load (0.1ms)[0m  SELECT "users"."id" FROM "users" WHERE (LOWER("users"."email") = LOWER('mhartl@example.com')) LIMIT 1
  [1m[36mAREL (0.7ms)[0m  [1mINSERT INTO "users" ("email", "created_at", "name", "updated_at") VALUES ('mhartl@example.com', '2011-03-17 10:47:58.130426', 'Michael Hartl', '2011-03-17 10:47:58.130426')[0m


Started GET "/users" for 127.0.0.1 at Thu Mar 17 11:50:24 +0100 2011

AbstractController::ActionNotFound (The action 'index' could not be found for UsersController):
  

Rendered /var/lib/gems/1.8/gems/actionpack-3.0.5/lib/action_dispatch/middleware/templates/rescues/unknown_action.erb within rescues/layout (0.9ms)


Started GET "/user" for 127.0.0.1 at Thu Mar 17 11:50:26 +0100 2011

ActionController::RoutingError (No route matches "/user"):
  

Rendered /var/lib/gems/1.8/gems/actionpack-3.0.5/lib/action_dispatch/middleware/templates/rescues/routing_error.erb within rescues/layout (1.2ms)


Started GET "/" for 127.0.0.1 at Thu Mar 17 11:50:29 +0100 2011
  Processing by PagesController#home as HTML
Rendered layouts/_stylesheets.html.erb (1.9ms)
Rendered layouts/_header.html.erb (2.4ms)
Rendered layouts/_footer.html.erb (1.3ms)
Rendered pages/home.html.erb within layouts/application (14.6ms)
Completed 200 OK in 23ms (Views: 22.7ms | ActiveRecord: 0.0ms)


Started GET "/stylesheets/blueprint/screen.css" for 127.0.0.1 at Thu Mar 17 11:50:29 +0100 2011

ActionController::RoutingError (No route matches "/stylesheets/blueprint/screen.css"):
  

Rendered /var/lib/gems/1.8/gems/actionpack-3.0.5/lib/action_dispatch/middleware/templates/rescues/routing_error.erb within rescues/layout (1.2ms)


Started GET "/stylesheets/blueprint/print.css" for 127.0.0.1 at Thu Mar 17 11:50:29 +0100 2011

ActionController::RoutingError (No route matches "/stylesheets/blueprint/print.css"):
  

Rendered /var/lib/gems/1.8/gems/actionpack-3.0.5/lib/action_dispatch/middleware/templates/rescues/routing_error.erb within rescues/layout (1.1ms)


Started GET "/users/show" for 127.0.0.1 at Thu Mar 17 11:50:41 +0100 2011

AbstractController::ActionNotFound (The action 'show' could not be found for UsersController):
  

Rendered /var/lib/gems/1.8/gems/actionpack-3.0.5/lib/action_dispatch/middleware/templates/rescues/unknown_action.erb within rescues/layout (0.8ms)


Started GET "/users" for 127.0.0.1 at Thu Mar 17 11:52:32 +0100 2011

SyntaxError (/home/richy/Documents/HTW/5. Semester/Ruby on Rails/Tutorial/chapter6/app/controllers/users_controller.rb:9: syntax error, unexpected $end, expecting kEND):
  

Rendered /var/lib/gems/1.8/gems/actionpack-3.0.5/lib/action_dispatch/middleware/templates/rescues/_trace.erb (1.9ms)
Rendered /var/lib/gems/1.8/gems/actionpack-3.0.5/lib/action_dispatch/middleware/templates/rescues/_request_and_response.erb (3.2ms)
Rendered /var/lib/gems/1.8/gems/actionpack-3.0.5/lib/action_dispatch/middleware/templates/rescues/diagnostics.erb within rescues/layout (11.2ms)


Started GET "/users/show" for 127.0.0.1 at Thu Mar 17 11:52:34 +0100 2011

SyntaxError (/home/richy/Documents/HTW/5. Semester/Ruby on Rails/Tutorial/chapter6/app/controllers/users_controller.rb:9: syntax error, unexpected $end, expecting kEND):
  

Rendered /var/lib/gems/1.8/gems/actionpack-3.0.5/lib/action_dispatch/middleware/templates/rescues/_trace.erb (1.7ms)
Rendered /var/lib/gems/1.8/gems/actionpack-3.0.5/lib/action_dispatch/middleware/templates/rescues/_request_and_response.erb (4.0ms)
Rendered /var/lib/gems/1.8/gems/actionpack-3.0.5/lib/action_dispatch/middleware/templates/rescues/diagnostics.erb within rescues/layout (11.6ms)


Started GET "/users/show/1" for 127.0.0.1 at Thu Mar 17 11:52:36 +0100 2011

ActionController::RoutingError (No route matches "/users/show/1"):
  

Rendered /var/lib/gems/1.8/gems/actionpack-3.0.5/lib/action_dispatch/middleware/templates/rescues/routing_error.erb within rescues/layout (1.1ms)


Started GET "/users/1" for 127.0.0.1 at Thu Mar 17 11:52:50 +0100 2011

SyntaxError (/home/richy/Documents/HTW/5. Semester/Ruby on Rails/Tutorial/chapter6/app/controllers/users_controller.rb:9: syntax error, unexpected $end, expecting kEND):
  

Rendered /var/lib/gems/1.8/gems/actionpack-3.0.5/lib/action_dispatch/middleware/templates/rescues/_trace.erb (1.7ms)
Rendered /var/lib/gems/1.8/gems/actionpack-3.0.5/lib/action_dispatch/middleware/templates/rescues/_request_and_response.erb (4.3ms)
Rendered /var/lib/gems/1.8/gems/actionpack-3.0.5/lib/action_dispatch/middleware/templates/rescues/diagnostics.erb within rescues/layout (11.9ms)


Started GET "/users/1" for 127.0.0.1 at Thu Mar 17 11:55:29 +0100 2011
  Processing by UsersController#show as HTML
  Parameters: {"id"=>"1"}
  [1m[36mSQL (0.7ms)[0m  [1m SELECT name
 FROM sqlite_master
 WHERE type = 'table' AND NOT name = 'sqlite_sequence'
[0m
  [1m[35mUser Load (0.2ms)[0m  SELECT "users".* FROM "users" WHERE "users"."id" = 1 LIMIT 1
Rendered layouts/_stylesheets.html.erb (1.9ms)
Rendered layouts/_header.html.erb (2.7ms)
Rendered layouts/_footer.html.erb (1.5ms)
Rendered users/show.html.erb within layouts/application (21.6ms)
Completed 200 OK in 147ms (Views: 30.6ms | ActiveRecord: 1.0ms)


Started GET "/stylesheets/blueprint/screen.css" for 127.0.0.1 at Thu Mar 17 11:55:29 +0100 2011

ActionController::RoutingError (No route matches "/stylesheets/blueprint/screen.css"):
  

Rendered /var/lib/gems/1.8/gems/actionpack-3.0.5/lib/action_dispatch/middleware/templates/rescues/routing_error.erb within rescues/layout (3.9ms)


Started GET "/stylesheets/blueprint/print.css" for 127.0.0.1 at Thu Mar 17 11:55:29 +0100 2011

ActionController::RoutingError (No route matches "/stylesheets/blueprint/print.css"):
  

Rendered /var/lib/gems/1.8/gems/actionpack-3.0.5/lib/action_dispatch/middleware/templates/rescues/routing_error.erb within rescues/layout (1.2ms)


Started GET "/users/show/1" for 127.0.0.1 at Thu Mar 17 11:55:35 +0100 2011

ActionController::RoutingError (No route matches "/users/show/1"):
  

Rendered /var/lib/gems/1.8/gems/actionpack-3.0.5/lib/action_dispatch/middleware/templates/rescues/routing_error.erb within rescues/layout (1.3ms)
  [1m[36mSQL (0.7ms)[0m  [1m SELECT name
 FROM sqlite_master
 WHERE type = 'table' AND NOT name = 'sqlite_sequence'
[0m
  [1m[35mSQL (0.2ms)[0m   SELECT name
 FROM sqlite_master
 WHERE type = 'table' AND NOT name = 'sqlite_sequence'
  [1m[36mSQL (0.2ms)[0m  [1mSELECT "schema_migrations"."version" FROM "schema_migrations"[0m
  [1m[36mSQL (0.7ms)[0m  [1m SELECT name
 FROM sqlite_master
 WHERE type = 'table' AND NOT name = 'sqlite_sequence'
[0m
  [1m[35mSQL (0.2ms)[0m   SELECT name
 FROM sqlite_master
 WHERE type = 'table' AND NOT name = 'sqlite_sequence'
  [1m[36mSQL (0.2ms)[0m  [1mSELECT "schema_migrations"."version" FROM "schema_migrations"[0m
Migrating to CreateUsers (20110317095704)
Migrating to AddEmailUniquenessIndex (20110317104020)
Migrating to CreateVideos (20110317154909)
  [1m[35mSQL (0.1ms)[0m  select sqlite_version(*)
  [1m[36mSQL (0.7ms)[0m  [1m SELECT name
 FROM sqlite_master
 WHERE type = 'table' AND NOT name = 'sqlite_sequence'
[0m
  [1m[35mSQL (0.2ms)[0m   SELECT name
 FROM sqlite_master
 WHERE type = 'table' AND NOT name = 'sqlite_sequence'
  [1m[36mSQL (0.2ms)[0m  [1mSELECT "schema_migrations"."version" FROM "schema_migrations"[0m
Migrating to CreateUsers (20110317095704)
Migrating to AddEmailUniquenessIndex (20110317104020)
Migrating to CreateVideos (20110317154909)
  [1m[35mSQL (0.1ms)[0m  select sqlite_version(*)
  [1m[36mSQL (0.7ms)[0m  [1m SELECT name
 FROM sqlite_master
 WHERE type = 'table' AND NOT name = 'sqlite_sequence'
[0m
  [1m[35mSQL (0.2ms)[0m   SELECT name
 FROM sqlite_master
 WHERE type = 'table' AND NOT name = 'sqlite_sequence'
  [1m[36mSQL (0.2ms)[0m  [1mSELECT "schema_migrations"."version" FROM "schema_migrations"[0m
  [1m[36mSQL (0.7ms)[0m  [1m SELECT name
 FROM sqlite_master
 WHERE type = 'table' AND NOT name = 'sqlite_sequence'
[0m
  [1m[35mSQL (0.2ms)[0m   SELECT name
 FROM sqlite_master
 WHERE type = 'table' AND NOT name = 'sqlite_sequence'
  [1m[36mSQL (0.2ms)[0m  [1mSELECT "schema_migrations"."version" FROM "schema_migrations"[0m
Migrating to CreateUsers (20110317095704)
Migrating to AddEmailUniquenessIndex (20110317104020)
Migrating to CreateVideos (20110317154909)
  [1m[35mSQL (0.1ms)[0m  select sqlite_version(*)
  [1m[36mSQL (0.8ms)[0m  [1mCREATE TABLE "videos" ("id" INTEGER PRIMARY KEY AUTOINCREMENT NOT NULL, "name" varchar(255), "description" text, "length" integer, "hrefs" text, "created_at" datetime, "updated_at" datetime) [0m
  [1m[35mSQL (0.3ms)[0m  INSERT INTO "schema_migrations" ("version") VALUES ('20110317154909')
  [1m[36mSQL (0.5ms)[0m  [1m SELECT name
 FROM sqlite_master
 WHERE type = 'table' AND NOT name = 'sqlite_sequence'
[0m
  [1m[35mSQL (0.3ms)[0m  SELECT "schema_migrations"."version" FROM "schema_migrations"
  [1m[36mSQL (0.3ms)[0m  [1m SELECT name
 FROM sqlite_master
 WHERE type = 'table' AND NOT name = 'sqlite_sequence'
[0m
  [1m[35mSQL (0.2ms)[0m  PRAGMA index_list("users")
  [1m[36mSQL (0.1ms)[0m  [1mPRAGMA index_info('index_users_on_email')[0m
  [1m[35mSQL (0.1ms)[0m  PRAGMA index_list("videos")
  [1m[36mSQL (0.7ms)[0m  [1m SELECT name
 FROM sqlite_master
 WHERE type = 'table' AND NOT name = 'sqlite_sequence'
[0m
  [1m[35mSQL (0.2ms)[0m   SELECT name
 FROM sqlite_master
 WHERE type = 'table' AND NOT name = 'sqlite_sequence'
  [1m[36mSQL (0.2ms)[0m  [1mSELECT "schema_migrations"."version" FROM "schema_migrations"[0m
  [1m[36mSQL (0.7ms)[0m  [1m SELECT name
 FROM sqlite_master
 WHERE type = 'table' AND NOT name = 'sqlite_sequence'
[0m
  [1m[35mSQL (0.2ms)[0m   SELECT name
 FROM sqlite_master
 WHERE type = 'table' AND NOT name = 'sqlite_sequence'
  [1m[36mSQL (0.2ms)[0m  [1mSELECT "schema_migrations"."version" FROM "schema_migrations"[0m
Migrating to CreateUsers (20110317095704)
Migrating to AddEmailUniquenessIndex (20110317104020)
Migrating to CreateVideos (20110317154909)
  [1m[35mSQL (0.1ms)[0m  select sqlite_version(*)
  [1m[36mSQL (0.2ms)[0m  [1m SELECT name
 FROM sqlite_master
 WHERE type = 'table' AND NOT name = 'sqlite_sequence'
[0m
  [1m[35mSQL (0.2ms)[0m  SELECT "schema_migrations"."version" FROM "schema_migrations"
  [1m[36mSQL (0.2ms)[0m  [1m SELECT name
 FROM sqlite_master
 WHERE type = 'table' AND NOT name = 'sqlite_sequence'
[0m
  [1m[35mSQL (0.1ms)[0m  PRAGMA index_list("users")
  [1m[36mSQL (0.1ms)[0m  [1mPRAGMA index_info('index_users_on_email')[0m
  [1m[35mSQL (0.1ms)[0m  PRAGMA index_list("videos")
  [1m[36mSQL (0.7ms)[0m  [1m SELECT name
 FROM sqlite_master
 WHERE type = 'table' AND NOT name = 'sqlite_sequence'
[0m
  [1m[35mSQL (0.2ms)[0m   SELECT name
 FROM sqlite_master
 WHERE type = 'table' AND NOT name = 'sqlite_sequence'
  [1m[36mSQL (0.2ms)[0m  [1mSELECT "schema_migrations"."version" FROM "schema_migrations"[0m
  [1m[36mSQL (0.5ms)[0m  [1m SELECT name
 FROM sqlite_master
 WHERE type = 'table' AND NOT name = 'sqlite_sequence'
[0m
  [1m[35mAREL (0.8ms)[0m  INSERT INTO "videos" ("updated_at", "description", "created_at", "length", "hrefs", "name") VALUES ('2011-03-17 17:25:08.484026', NULL, '2011-03-17 17:25:08.484026', NULL, NULL, NULL)
  [1m[36mSQL (0.7ms)[0m  [1m SELECT name
 FROM sqlite_master
 WHERE type = 'table' AND NOT name = 'sqlite_sequence'
[0m
  [1m[35mSQL (0.2ms)[0m   SELECT name
 FROM sqlite_master
 WHERE type = 'table' AND NOT name = 'sqlite_sequence'
  [1m[36mSQL (0.2ms)[0m  [1mSELECT "schema_migrations"."version" FROM "schema_migrations"[0m
Migrating to CreateUsers (20110317095704)
Migrating to AddEmailUniquenessIndex (20110317104020)
Migrating to CreateVideos (20110317154909)
  [1m[35mSQL (0.1ms)[0m  select sqlite_version(*)
  [1m[36mSQL (0.2ms)[0m  [1m SELECT name
 FROM sqlite_master
 WHERE type = 'table' AND NOT name = 'sqlite_sequence'
[0m
  [1m[35mSQL (0.2ms)[0m  SELECT "schema_migrations"."version" FROM "schema_migrations"
  [1m[36mSQL (0.2ms)[0m  [1m SELECT name
 FROM sqlite_master
 WHERE type = 'table' AND NOT name = 'sqlite_sequence'
[0m
  [1m[35mSQL (0.1ms)[0m  PRAGMA index_list("users")
  [1m[36mSQL (0.1ms)[0m  [1mPRAGMA index_info('index_users_on_email')[0m
  [1m[35mSQL (0.1ms)[0m  PRAGMA index_list("videos")
  [1m[36mSQL (0.7ms)[0m  [1m SELECT name
 FROM sqlite_master
 WHERE type = 'table' AND NOT name = 'sqlite_sequence'
[0m
  [1m[35mSQL (0.2ms)[0m   SELECT name
 FROM sqlite_master
 WHERE type = 'table' AND NOT name = 'sqlite_sequence'
  [1m[36mSQL (0.2ms)[0m  [1mSELECT "schema_migrations"."version" FROM "schema_migrations"[0m
  [1m[36mSQL (0.3ms)[0m  [1m SELECT name
 FROM sqlite_master
 WHERE type = 'table' AND NOT name = 'sqlite_sequence'
[0m
  [1m[35mAREL (0.8ms)[0m  INSERT INTO "videos" ("name", "updated_at", "hrefs", "description", "length", "created_at") VALUES (NULL, '2011-03-17 17:26:17.423635', '--- 
- "1"
- "2"
', NULL, NULL, '2011-03-17 17:26:17.423635')
  [1m[36mAREL (0.2ms)[0m  [1mUPDATE "videos" SET "hrefs" = '--- 
- "1"
- "2"
' WHERE "videos"."id" = 1[0m
  [1m[36mSQL (0.7ms)[0m  [1m SELECT name
 FROM sqlite_master
 WHERE type = 'table' AND NOT name = 'sqlite_sequence'
[0m
  [1m[35mSQL (0.2ms)[0m   SELECT name
 FROM sqlite_master
 WHERE type = 'table' AND NOT name = 'sqlite_sequence'
  [1m[36mSQL (0.2ms)[0m  [1mSELECT "schema_migrations"."version" FROM "schema_migrations"[0m
  [1m[35mSQL (0.2ms)[0m   SELECT name
 FROM sqlite_master
 WHERE type = 'table' AND NOT name = 'sqlite_sequence'
  [1m[36mSQL (0.2ms)[0m  [1mSELECT "schema_migrations"."version" FROM "schema_migrations"[0m
Migrating to CreateVideos (20110317154909)
  [1m[35mSQL (0.1ms)[0m  select sqlite_version(*)
  [1m[36mSQL (0.8ms)[0m  [1mDROP TABLE "videos"[0m
  [1m[35mAREL (0.3ms)[0m  DELETE FROM "schema_migrations" WHERE "schema_migrations"."version" = '20110317154909'
  [1m[36mSQL (0.3ms)[0m  [1m SELECT name
 FROM sqlite_master
 WHERE type = 'table' AND NOT name = 'sqlite_sequence'
[0m
  [1m[35mSQL (0.2ms)[0m  SELECT "schema_migrations"."version" FROM "schema_migrations"
  [1m[36mSQL (0.2ms)[0m  [1m SELECT name
 FROM sqlite_master
 WHERE type = 'table' AND NOT name = 'sqlite_sequence'
[0m
  [1m[35mSQL (0.1ms)[0m  PRAGMA index_list("users")
  [1m[36mSQL (0.1ms)[0m  [1mPRAGMA index_info('index_users_on_email')[0m
  [1m[36mSQL (0.7ms)[0m  [1m SELECT name
 FROM sqlite_master
 WHERE type = 'table' AND NOT name = 'sqlite_sequence'
[0m
  [1m[35mSQL (0.2ms)[0m   SELECT name
 FROM sqlite_master
 WHERE type = 'table' AND NOT name = 'sqlite_sequence'
  [1m[36mSQL (0.2ms)[0m  [1mSELECT "schema_migrations"."version" FROM "schema_migrations"[0m
Migrating to CreateUsers (20110317095704)
Migrating to AddEmailUniquenessIndex (20110317104020)
Migrating to CreateVideos (20110317154909)
  [1m[35mSQL (0.1ms)[0m  select sqlite_version(*)
  [1m[36mSQL (0.9ms)[0m  [1mCREATE TABLE "videos" ("id" INTEGER PRIMARY KEY AUTOINCREMENT NOT NULL, "name" varchar(255), "description" text, "length" integer, "hrefs" varchar(255) DEFAULT '--- []

', "created_at" datetime, "updated_at" datetime) [0m
  [1m[35mSQL (0.3ms)[0m  INSERT INTO "schema_migrations" ("version") VALUES ('20110317154909')
  [1m[36mSQL (0.3ms)[0m  [1m SELECT name
 FROM sqlite_master
 WHERE type = 'table' AND NOT name = 'sqlite_sequence'
[0m
  [1m[35mSQL (0.2ms)[0m  SELECT "schema_migrations"."version" FROM "schema_migrations"
  [1m[36mSQL (0.2ms)[0m  [1m SELECT name
 FROM sqlite_master
 WHERE type = 'table' AND NOT name = 'sqlite_sequence'
[0m
  [1m[35mSQL (0.1ms)[0m  PRAGMA index_list("users")
  [1m[36mSQL (0.1ms)[0m  [1mPRAGMA index_info('index_users_on_email')[0m
  [1m[35mSQL (0.1ms)[0m  PRAGMA index_list("videos")
  [1m[36mSQL (0.7ms)[0m  [1m SELECT name
 FROM sqlite_master
 WHERE type = 'table' AND NOT name = 'sqlite_sequence'
[0m
  [1m[35mSQL (0.2ms)[0m   SELECT name
 FROM sqlite_master
 WHERE type = 'table' AND NOT name = 'sqlite_sequence'
  [1m[36mSQL (0.2ms)[0m  [1mSELECT "schema_migrations"."version" FROM "schema_migrations"[0m
  [1m[36mSQL (0.7ms)[0m  [1m SELECT name
 FROM sqlite_master
 WHERE type = 'table' AND NOT name = 'sqlite_sequence'
[0m
  [1m[35mSQL (0.2ms)[0m   SELECT name
 FROM sqlite_master
 WHERE type = 'table' AND NOT name = 'sqlite_sequence'
  [1m[36mSQL (0.2ms)[0m  [1mSELECT "schema_migrations"."version" FROM "schema_migrations"[0m
  [1m[35mSQL (0.2ms)[0m   SELECT name
 FROM sqlite_master
 WHERE type = 'table' AND NOT name = 'sqlite_sequence'
  [1m[36mSQL (0.2ms)[0m  [1mSELECT "schema_migrations"."version" FROM "schema_migrations"[0m
Migrating to CreateVideos (20110317154909)
  [1m[35mSQL (0.1ms)[0m  select sqlite_version(*)
  [1m[36mSQL (0.8ms)[0m  [1mDROP TABLE "videos"[0m
  [1m[35mAREL (0.3ms)[0m  DELETE FROM "schema_migrations" WHERE "schema_migrations"."version" = '20110317154909'
  [1m[36mSQL (0.3ms)[0m  [1m SELECT name
 FROM sqlite_master
 WHERE type = 'table' AND NOT name = 'sqlite_sequence'
[0m
  [1m[35mSQL (0.2ms)[0m  SELECT "schema_migrations"."version" FROM "schema_migrations"
  [1m[36mSQL (0.2ms)[0m  [1m SELECT name
 FROM sqlite_master
 WHERE type = 'table' AND NOT name = 'sqlite_sequence'
[0m
  [1m[35mSQL (0.1ms)[0m  PRAGMA index_list("users")
  [1m[36mSQL (0.1ms)[0m  [1mPRAGMA index_info('index_users_on_email')[0m
  [1m[36mSQL (0.7ms)[0m  [1m SELECT name
 FROM sqlite_master
 WHERE type = 'table' AND NOT name = 'sqlite_sequence'
[0m
  [1m[35mSQL (0.2ms)[0m   SELECT name
 FROM sqlite_master
 WHERE type = 'table' AND NOT name = 'sqlite_sequence'
  [1m[36mSQL (0.2ms)[0m  [1mSELECT "schema_migrations"."version" FROM "schema_migrations"[0m
Migrating to CreateUsers (20110317095704)
Migrating to AddEmailUniquenessIndex (20110317104020)
Migrating to CreateVideos (20110317154909)
  [1m[35mSQL (0.1ms)[0m  select sqlite_version(*)
  [1m[36mSQL (0.9ms)[0m  [1mCREATE TABLE "videos" ("id" INTEGER PRIMARY KEY AUTOINCREMENT NOT NULL, "name" varchar(255), "description" text, "length" integer, "hrefs" varchar(255) DEFAULT '--- []

', "created_at" datetime, "updated_at" datetime) [0m
  [1m[35mSQL (0.3ms)[0m  INSERT INTO "schema_migrations" ("version") VALUES ('20110317154909')
  [1m[36mSQL (0.4ms)[0m  [1m SELECT name
 FROM sqlite_master
 WHERE type = 'table' AND NOT name = 'sqlite_sequence'
[0m
  [1m[35mSQL (0.3ms)[0m  SELECT "schema_migrations"."version" FROM "schema_migrations"
  [1m[36mSQL (0.3ms)[0m  [1m SELECT name
 FROM sqlite_master
 WHERE type = 'table' AND NOT name = 'sqlite_sequence'
[0m
  [1m[35mSQL (0.1ms)[0m  PRAGMA index_list("users")
  [1m[36mSQL (0.1ms)[0m  [1mPRAGMA index_info('index_users_on_email')[0m
  [1m[35mSQL (0.1ms)[0m  PRAGMA index_list("videos")
  [1m[36mSQL (0.8ms)[0m  [1m SELECT name
 FROM sqlite_master
 WHERE type = 'table' AND NOT name = 'sqlite_sequence'
[0m
  [1m[35mSQL (0.2ms)[0m   SELECT name
 FROM sqlite_master
 WHERE type = 'table' AND NOT name = 'sqlite_sequence'
  [1m[36mSQL (0.2ms)[0m  [1mSELECT "schema_migrations"."version" FROM "schema_migrations"[0m
  [1m[36mSQL (0.5ms)[0m  [1m SELECT name
 FROM sqlite_master
 WHERE type = 'table' AND NOT name = 'sqlite_sequence'
[0m
  [1m[35mSQL (0.1ms)[0m   SELECT name
 FROM sqlite_master
 WHERE type = 'table' AND NOT name = 'sqlite_sequence'
  [1m[36mSQL (0.1ms)[0m  [1mSELECT "schema_migrations"."version" FROM "schema_migrations"[0m
  [1m[35mSQL (0.1ms)[0m  select sqlite_version(*)
  [1m[36mSQL (0.2ms)[0m  [1m SELECT name
 FROM sqlite_master
 WHERE type = 'table' AND NOT name = 'sqlite_sequence'
[0m
  [1m[35mSQL (132.9ms)[0m  CREATE TABLE "users" ("id" INTEGER PRIMARY KEY AUTOINCREMENT NOT NULL, "name" varchar(255), "email" varchar(255), "created_at" datetime, "updated_at" datetime) 
  [1m[36mSQL (0.1ms)[0m  [1mPRAGMA index_list("users")[0m
  [1m[35mSQL (42.1ms)[0m  CREATE UNIQUE INDEX "index_users_on_email" ON "users" ("email")
  [1m[36mSQL (0.2ms)[0m  [1m SELECT name
 FROM sqlite_master
 WHERE type = 'table' AND NOT name = 'sqlite_sequence'
[0m
  [1m[35mSQL (58.7ms)[0m  CREATE TABLE "videos" ("id" INTEGER PRIMARY KEY AUTOINCREMENT NOT NULL, "name" varchar(255), "description" text, "length" integer, "hrefs" varchar(255) DEFAULT '''--- []

''', "created_at" datetime, "updated_at" datetime) 
  [1m[36mSQL (0.2ms)[0m  [1m SELECT name
 FROM sqlite_master
 WHERE type = 'table' AND NOT name = 'sqlite_sequence'
[0m
  [1m[35mSQL (42.2ms)[0m  CREATE TABLE "schema_migrations" ("version" varchar(255) NOT NULL) 
  [1m[36mSQL (0.1ms)[0m  [1mPRAGMA index_list("schema_migrations")[0m
  [1m[35mSQL (50.9ms)[0m  CREATE UNIQUE INDEX "unique_schema_migrations" ON "schema_migrations" ("version")
  [1m[36mSQL (0.2ms)[0m  [1m SELECT name
 FROM sqlite_master
 WHERE type = 'table' AND NOT name = 'sqlite_sequence'
[0m
  [1m[35mSQL (0.1ms)[0m  SELECT version FROM "schema_migrations"
  [1m[36mSQL (184.1ms)[0m  [1mINSERT INTO "schema_migrations" (version) VALUES ('20110317154909')[0m
  [1m[35mSQL (42.9ms)[0m  INSERT INTO "schema_migrations" (version) VALUES ('20110317104020')
  [1m[36mSQL (42.8ms)[0m  [1mINSERT INTO "schema_migrations" (version) VALUES ('20110317095704')[0m
  [1m[36mSQL (0.6ms)[0m  [1m SELECT name
 FROM sqlite_master
 WHERE type = 'table' AND NOT name = 'sqlite_sequence'
[0m
  [1m[35mSQL (0.2ms)[0m   SELECT name
 FROM sqlite_master
 WHERE type = 'table' AND NOT name = 'sqlite_sequence'
  [1m[36mSQL (0.1ms)[0m  [1mSELECT "schema_migrations"."version" FROM "schema_migrations"[0m
Migrating to CreateUsers (20110317095704)
Migrating to AddEmailUniquenessIndex (20110317104020)
Migrating to CreateVideos (20110317154909)
Migrating to AddPasswordToUsers (20110317214613)
  [1m[35mSQL (0.1ms)[0m  select sqlite_version(*)
  [1m[36mSQL (0.5ms)[0m  [1mALTER TABLE "users" ADD "encrypted_password" varchar(255)[0m
  [1m[35mSQL (0.1ms)[0m  INSERT INTO "schema_migrations" ("version") VALUES ('20110317214613')
  [1m[36mSQL (0.2ms)[0m  [1m SELECT name
 FROM sqlite_master
 WHERE type = 'table' AND NOT name = 'sqlite_sequence'
[0m
  [1m[35mSQL (0.2ms)[0m  SELECT "schema_migrations"."version" FROM "schema_migrations"
  [1m[36mSQL (0.2ms)[0m  [1m SELECT name
 FROM sqlite_master
 WHERE type = 'table' AND NOT name = 'sqlite_sequence'
[0m
  [1m[35mSQL (0.1ms)[0m  PRAGMA index_list("users")
  [1m[36mSQL (0.1ms)[0m  [1mPRAGMA index_info('index_users_on_email')[0m
  [1m[35mSQL (0.0ms)[0m  PRAGMA index_list("videos")
  [1m[36mSQL (0.6ms)[0m  [1m SELECT name
 FROM sqlite_master
 WHERE type = 'table' AND NOT name = 'sqlite_sequence'
[0m
  [1m[35mSQL (0.2ms)[0m   SELECT name
 FROM sqlite_master
 WHERE type = 'table' AND NOT name = 'sqlite_sequence'
  [1m[36mSQL (0.2ms)[0m  [1mSELECT "schema_migrations"."version" FROM "schema_migrations"[0m
  [1m[35mSQL (0.1ms)[0m  select sqlite_version(*)
  [1m[36mSQL (0.2ms)[0m  [1m SELECT name
 FROM sqlite_master
 WHERE type = 'table' AND NOT name = 'sqlite_sequence'
[0m
  [1m[35mSQL (167.6ms)[0m  CREATE TABLE "users" ("id" INTEGER PRIMARY KEY AUTOINCREMENT NOT NULL, "name" varchar(255), "email" varchar(255), "created_at" datetime, "updated_at" datetime, "encrypted_password" varchar(255)) 
  [1m[36mSQL (0.1ms)[0m  [1mPRAGMA index_list("users")[0m
  [1m[35mSQL (51.3ms)[0m  CREATE UNIQUE INDEX "index_users_on_email" ON "users" ("email")
  [1m[36mSQL (0.2ms)[0m  [1m SELECT name
 FROM sqlite_master
 WHERE type = 'table' AND NOT name = 'sqlite_sequence'
[0m
  [1m[35mSQL (158.1ms)[0m  CREATE TABLE "videos" ("id" INTEGER PRIMARY KEY AUTOINCREMENT NOT NULL, "name" varchar(255), "description" text, "length" integer, "hrefs" varchar(255) DEFAULT '''--- []

''', "created_at" datetime, "updated_at" datetime) 
  [1m[36mSQL (0.2ms)[0m  [1m SELECT name
 FROM sqlite_master
 WHERE type = 'table' AND NOT name = 'sqlite_sequence'
[0m
  [1m[35mSQL (50.6ms)[0m  CREATE TABLE "schema_migrations" ("version" varchar(255) NOT NULL) 
  [1m[36mSQL (0.1ms)[0m  [1mPRAGMA index_list("schema_migrations")[0m
  [1m[35mSQL (101.0ms)[0m  CREATE UNIQUE INDEX "unique_schema_migrations" ON "schema_migrations" ("version")
  [1m[36mSQL (0.2ms)[0m  [1m SELECT name
 FROM sqlite_master
 WHERE type = 'table' AND NOT name = 'sqlite_sequence'
[0m
  [1m[35mSQL (0.1ms)[0m  SELECT version FROM "schema_migrations"
  [1m[36mSQL (224.9ms)[0m  [1mINSERT INTO "schema_migrations" (version) VALUES ('20110317214613')[0m
  [1m[35mSQL (92.8ms)[0m  INSERT INTO "schema_migrations" (version) VALUES ('20110317104020')
  [1m[36mSQL (51.1ms)[0m  [1mINSERT INTO "schema_migrations" (version) VALUES ('20110317095704')[0m
  [1m[35mSQL (51.1ms)[0m  INSERT INTO "schema_migrations" (version) VALUES ('20110317154909')
  [1m[36mSQL (0.5ms)[0m  [1m SELECT name
 FROM sqlite_master
 WHERE type = 'table' AND NOT name = 'sqlite_sequence'
[0m
  [1m[35mSQL (0.1ms)[0m   SELECT name
 FROM sqlite_master
 WHERE type = 'table' AND NOT name = 'sqlite_sequence'
  [1m[36mSQL (0.1ms)[0m  [1mSELECT "schema_migrations"."version" FROM "schema_migrations"[0m
Migrating to CreateUsers (20110317095704)
Migrating to AddEmailUniquenessIndex (20110317104020)
Migrating to CreateVideos (20110317154909)
Migrating to AddPasswordToUsers (20110317214613)
Migrating to AddSaltToUsers (20110317215830)
  [1m[35mSQL (0.1ms)[0m  select sqlite_version(*)
  [1m[36mSQL (0.3ms)[0m  [1mALTER TABLE "users" ADD "salt" varchar(255)[0m
  [1m[35mSQL (0.1ms)[0m  INSERT INTO "schema_migrations" ("version") VALUES ('20110317215830')
  [1m[36mSQL (0.3ms)[0m  [1m SELECT name
 FROM sqlite_master
 WHERE type = 'table' AND NOT name = 'sqlite_sequence'
[0m
  [1m[35mSQL (0.2ms)[0m  SELECT "schema_migrations"."version" FROM "schema_migrations"
  [1m[36mSQL (0.2ms)[0m  [1m SELECT name
 FROM sqlite_master
 WHERE type = 'table' AND NOT name = 'sqlite_sequence'
[0m
  [1m[35mSQL (0.1ms)[0m  PRAGMA index_list("users")
  [1m[36mSQL (0.1ms)[0m  [1mPRAGMA index_info('index_users_on_email')[0m
  [1m[35mSQL (0.1ms)[0m  PRAGMA index_list("videos")
  [1m[36mSQL (0.5ms)[0m  [1m SELECT name
 FROM sqlite_master
 WHERE type = 'table' AND NOT name = 'sqlite_sequence'
[0m
  [1m[35mSQL (0.1ms)[0m   SELECT name
 FROM sqlite_master
 WHERE type = 'table' AND NOT name = 'sqlite_sequence'
  [1m[36mSQL (0.1ms)[0m  [1mSELECT "schema_migrations"."version" FROM "schema_migrations"[0m
  [1m[35mSQL (0.1ms)[0m  select sqlite_version(*)
  [1m[36mSQL (0.2ms)[0m  [1m SELECT name
 FROM sqlite_master
 WHERE type = 'table' AND NOT name = 'sqlite_sequence'
[0m
  [1m[35mSQL (163.6ms)[0m  CREATE TABLE "users" ("id" INTEGER PRIMARY KEY AUTOINCREMENT NOT NULL, "name" varchar(255), "email" varchar(255), "created_at" datetime, "updated_at" datetime, "encrypted_password" varchar(255), "salt" varchar(255)) 
  [1m[36mSQL (0.1ms)[0m  [1mPRAGMA index_list("users")[0m
  [1m[35mSQL (50.7ms)[0m  CREATE UNIQUE INDEX "index_users_on_email" ON "users" ("email")
  [1m[36mSQL (0.2ms)[0m  [1m SELECT name
 FROM sqlite_master
 WHERE type = 'table' AND NOT name = 'sqlite_sequence'
[0m
  [1m[35mSQL (75.5ms)[0m  CREATE TABLE "videos" ("id" INTEGER PRIMARY KEY AUTOINCREMENT NOT NULL, "name" varchar(255), "description" text, "length" integer, "hrefs" varchar(255) DEFAULT '''--- []

''', "created_at" datetime, "updated_at" datetime) 
  [1m[36mSQL (0.2ms)[0m  [1m SELECT name
 FROM sqlite_master
 WHERE type = 'table' AND NOT name = 'sqlite_sequence'
[0m
  [1m[35mSQL (58.7ms)[0m  CREATE TABLE "schema_migrations" ("version" varchar(255) NOT NULL) 
  [1m[36mSQL (0.1ms)[0m  [1mPRAGMA index_list("schema_migrations")[0m
  [1m[35mSQL (84.2ms)[0m  CREATE UNIQUE INDEX "unique_schema_migrations" ON "schema_migrations" ("version")
  [1m[36mSQL (0.2ms)[0m  [1m SELECT name
 FROM sqlite_master
 WHERE type = 'table' AND NOT name = 'sqlite_sequence'
[0m
  [1m[35mSQL (0.1ms)[0m  SELECT version FROM "schema_migrations"
  [1m[36mSQL (166.6ms)[0m  [1mINSERT INTO "schema_migrations" (version) VALUES ('20110317215830')[0m
  [1m[35mSQL (101.1ms)[0m  INSERT INTO "schema_migrations" (version) VALUES ('20110317214613')
  [1m[36mSQL (51.1ms)[0m  [1mINSERT INTO "schema_migrations" (version) VALUES ('20110317104020')[0m
  [1m[35mSQL (51.0ms)[0m  INSERT INTO "schema_migrations" (version) VALUES ('20110317095704')
  [1m[36mSQL (51.1ms)[0m  [1mINSERT INTO "schema_migrations" (version) VALUES ('20110317154909')[0m
  [1m[36mSQL (0.5ms)[0m  [1m SELECT name
 FROM sqlite_master
 WHERE type = 'table' AND NOT name = 'sqlite_sequence'
[0m
  [1m[35mSQL (0.1ms)[0m   SELECT name
 FROM sqlite_master
 WHERE type = 'table' AND NOT name = 'sqlite_sequence'
  [1m[36mSQL (0.1ms)[0m  [1mSELECT "schema_migrations"."version" FROM "schema_migrations"[0m
  [1m[36mSQL (0.5ms)[0m  [1m SELECT name
 FROM sqlite_master
 WHERE type = 'table' AND NOT name = 'sqlite_sequence'
[0m
  [1m[35mSQL (0.1ms)[0m   SELECT name
 FROM sqlite_master
 WHERE type = 'table' AND NOT name = 'sqlite_sequence'
  [1m[36mSQL (0.1ms)[0m  [1mSELECT "schema_migrations"."version" FROM "schema_migrations"[0m
Migrating to CreateUsers (20110317095704)
Migrating to AddEmailUniquenessIndex (20110317104020)
Migrating to CreateVideos (20110317154909)
Migrating to AddPasswordToUsers (20110317214613)
Migrating to AddSaltToUsers (20110317215830)
  [1m[35mSQL (0.1ms)[0m  select sqlite_version(*)
  [1m[36mSQL (0.1ms)[0m  [1m SELECT name
 FROM sqlite_master
 WHERE type = 'table' AND NOT name = 'sqlite_sequence'
[0m
  [1m[35mSQL (0.1ms)[0m  SELECT "schema_migrations"."version" FROM "schema_migrations"
  [1m[36mSQL (0.1ms)[0m  [1m SELECT name
 FROM sqlite_master
 WHERE type = 'table' AND NOT name = 'sqlite_sequence'
[0m
  [1m[35mSQL (0.1ms)[0m  PRAGMA index_list("users")
  [1m[36mSQL (0.1ms)[0m  [1mPRAGMA index_info('index_users_on_email')[0m
  [1m[35mSQL (0.0ms)[0m  PRAGMA index_list("videos")
  [1m[36mSQL (0.5ms)[0m  [1m SELECT name
 FROM sqlite_master
 WHERE type = 'table' AND NOT name = 'sqlite_sequence'
[0m
  [1m[35mSQL (0.1ms)[0m   SELECT name
 FROM sqlite_master
 WHERE type = 'table' AND NOT name = 'sqlite_sequence'
  [1m[36mSQL (0.1ms)[0m  [1mSELECT "schema_migrations"."version" FROM "schema_migrations"[0m
  [1m[35mSQL (0.1ms)[0m  select sqlite_version(*)
  [1m[36mSQL (0.2ms)[0m  [1m SELECT name
 FROM sqlite_master
 WHERE type = 'table' AND NOT name = 'sqlite_sequence'
[0m
  [1m[35mSQL (164.2ms)[0m  CREATE TABLE "users" ("id" INTEGER PRIMARY KEY AUTOINCREMENT NOT NULL, "name" varchar(255), "email" varchar(255), "created_at" datetime, "updated_at" datetime, "encrypted_password" varchar(255), "salt" varchar(255)) 
  [1m[36mSQL (0.1ms)[0m  [1mPRAGMA index_list("users")[0m
  [1m[35mSQL (50.4ms)[0m  CREATE UNIQUE INDEX "index_users_on_email" ON "users" ("email")
  [1m[36mSQL (0.2ms)[0m  [1m SELECT name
 FROM sqlite_master
 WHERE type = 'table' AND NOT name = 'sqlite_sequence'
[0m
  [1m[35mSQL (67.2ms)[0m  CREATE TABLE "videos" ("id" INTEGER PRIMARY KEY AUTOINCREMENT NOT NULL, "name" varchar(255), "description" text, "length" integer, "hrefs" varchar(255) DEFAULT '''--- []

''', "created_at" datetime, "updated_at" datetime) 
  [1m[36mSQL (0.2ms)[0m  [1m SELECT name
 FROM sqlite_master
 WHERE type = 'table' AND NOT name = 'sqlite_sequence'
[0m
  [1m[35mSQL (58.8ms)[0m  CREATE TABLE "schema_migrations" ("version" varchar(255) NOT NULL) 
  [1m[36mSQL (0.0ms)[0m  [1mPRAGMA index_list("schema_migrations")[0m
  [1m[35mSQL (67.6ms)[0m  CREATE UNIQUE INDEX "unique_schema_migrations" ON "schema_migrations" ("version")
  [1m[36mSQL (0.2ms)[0m  [1m SELECT name
 FROM sqlite_master
 WHERE type = 'table' AND NOT name = 'sqlite_sequence'
[0m
  [1m[35mSQL (0.1ms)[0m  SELECT version FROM "schema_migrations"
  [1m[36mSQL (217.0ms)[0m  [1mINSERT INTO "schema_migrations" (version) VALUES ('20110317215830')[0m
  [1m[35mSQL (51.2ms)[0m  INSERT INTO "schema_migrations" (version) VALUES ('20110317214613')
  [1m[36mSQL (51.2ms)[0m  [1mINSERT INTO "schema_migrations" (version) VALUES ('20110317104020')[0m
  [1m[35mSQL (51.2ms)[0m  INSERT INTO "schema_migrations" (version) VALUES ('20110317095704')
  [1m[36mSQL (59.5ms)[0m  [1mINSERT INTO "schema_migrations" (version) VALUES ('20110317154909')[0m
  [1m[36mSQL (0.4ms)[0m  [1m SELECT name
 FROM sqlite_master
 WHERE type = 'table' AND NOT name = 'sqlite_sequence'
[0m
  [1m[35mSQL (0.1ms)[0m   SELECT name
 FROM sqlite_master
 WHERE type = 'table' AND NOT name = 'sqlite_sequence'
  [1m[36mSQL (0.1ms)[0m  [1mSELECT "schema_migrations"."version" FROM "schema_migrations"[0m
  [1m[35mSQL (0.1ms)[0m  select sqlite_version(*)
  [1m[36mSQL (0.2ms)[0m  [1m SELECT name
 FROM sqlite_master
 WHERE type = 'table' AND NOT name = 'sqlite_sequence'
[0m
  [1m[35mSQL (136.5ms)[0m  CREATE TABLE "users" ("id" INTEGER PRIMARY KEY AUTOINCREMENT NOT NULL, "name" varchar(255), "email" varchar(255), "created_at" datetime, "updated_at" datetime, "encrypted_password" varchar(255), "salt" varchar(255)) 
  [1m[36mSQL (0.1ms)[0m  [1mPRAGMA index_list("users")[0m
  [1m[35mSQL (42.3ms)[0m  CREATE UNIQUE INDEX "index_users_on_email" ON "users" ("email")
  [1m[36mSQL (0.2ms)[0m  [1m SELECT name
 FROM sqlite_master
 WHERE type = 'table' AND NOT name = 'sqlite_sequence'
[0m
  [1m[35mSQL (67.0ms)[0m  CREATE TABLE "videos" ("id" INTEGER PRIMARY KEY AUTOINCREMENT NOT NULL, "name" varchar(255), "description" text, "length" integer, "hrefs" varchar(255) DEFAULT '''--- []

''', "created_at" datetime, "updated_at" datetime) 
  [1m[36mSQL (0.2ms)[0m  [1m SELECT name
 FROM sqlite_master
 WHERE type = 'table' AND NOT name = 'sqlite_sequence'
[0m
  [1m[35mSQL (83.8ms)[0m  CREATE TABLE "schema_migrations" ("version" varchar(255) NOT NULL) 
  [1m[36mSQL (0.1ms)[0m  [1mPRAGMA index_list("schema_migrations")[0m
  [1m[35mSQL (216.6ms)[0m  CREATE UNIQUE INDEX "unique_schema_migrations" ON "schema_migrations" ("version")
  [1m[36mSQL (0.3ms)[0m  [1m SELECT name
 FROM sqlite_master
 WHERE type = 'table' AND NOT name = 'sqlite_sequence'
[0m
  [1m[35mSQL (0.1ms)[0m  SELECT version FROM "schema_migrations"
  [1m[36mSQL (41.7ms)[0m  [1mINSERT INTO "schema_migrations" (version) VALUES ('20110317215830')[0m
  [1m[35mSQL (51.1ms)[0m  INSERT INTO "schema_migrations" (version) VALUES ('20110317214613')
  [1m[36mSQL (51.2ms)[0m  [1mINSERT INTO "schema_migrations" (version) VALUES ('20110317104020')[0m
  [1m[35mSQL (51.1ms)[0m  INSERT INTO "schema_migrations" (version) VALUES ('20110317095704')
  [1m[36mSQL (95.0ms)[0m  [1mINSERT INTO "schema_migrations" (version) VALUES ('20110317154909')[0m
  [1m[36mSQL (0.2ms)[0m  [1m SELECT name
 FROM sqlite_master
 WHERE type = 'table' AND NOT name = 'sqlite_sequence'
[0m
  [1m[35mUser Load (0.1ms)[0m  SELECT "users"."id" FROM "users" WHERE ("users"."email" IS NULL) LIMIT 1
  [1m[36mUser Load (0.2ms)[0m  [1mSELECT "users"."id" FROM "users" WHERE (LOWER("users"."email") = LOWER('Mail@test.com')) LIMIT 1[0m
  [1m[35mAREL (0.3ms)[0m  INSERT INTO "users" ("encrypted_password", "name", "email", "updated_at", "salt", "created_at") VALUES ('4a7e6ab0aeced76893c9ef74ca7e2a506505d08e4e2e231959c01f5393150e0f', 'Test User', 'Mail@test.com', '2011-03-17 22:23:44.691947', 'e00770c1fa256544cc5e3dac56456dbd5214a15b60e73ac2cf3b917a0b82898a', '2011-03-17 22:23:44.691947')
  [1m[36mSQL (0.6ms)[0m  [1m SELECT name
 FROM sqlite_master
 WHERE type = 'table' AND NOT name = 'sqlite_sequence'
[0m
  [1m[35mSQL (0.2ms)[0m   SELECT name
 FROM sqlite_master
 WHERE type = 'table' AND NOT name = 'sqlite_sequence'
  [1m[36mSQL (0.2ms)[0m  [1mSELECT "schema_migrations"."version" FROM "schema_migrations"[0m


Started GET "/" for 127.0.0.1 at Thu Mar 17 23:29:25 +0100 2011
  Processing by PagesController#home as HTML
Rendered layouts/_stylesheets.html.erb (1.2ms)
Rendered layouts/_header.html.erb (1.8ms)
Rendered layouts/_footer.html.erb (1.0ms)
Rendered pages/home.html.erb within layouts/application (57.9ms)
Completed 200 OK in 63ms (Views: 62.2ms | ActiveRecord: 0.0ms)


Started GET "/stylesheets/blueprint/screen.css" for 127.0.0.1 at Thu Mar 17 23:29:26 +0100 2011

ActionController::RoutingError (No route matches "/stylesheets/blueprint/screen.css"):
  

Rendered /var/lib/gems/1.8/gems/actionpack-3.0.5/lib/action_dispatch/middleware/templates/rescues/routing_error.erb within rescues/layout (1.1ms)


Started GET "/stylesheets/blueprint/print.css" for 127.0.0.1 at Thu Mar 17 23:29:26 +0100 2011

ActionController::RoutingError (No route matches "/stylesheets/blueprint/print.css"):
  

Rendered /var/lib/gems/1.8/gems/actionpack-3.0.5/lib/action_dispatch/middleware/templates/rescues/routing_error.erb within rescues/layout (0.8ms)


Started GET "/videos" for 127.0.0.1 at Thu Mar 17 23:29:31 +0100 2011

ActionController::RoutingError (No route matches "/videos"):
  

Rendered /var/lib/gems/1.8/gems/actionpack-3.0.5/lib/action_dispatch/middleware/templates/rescues/routing_error.erb within rescues/layout (0.7ms)


Started GET "/signup" for 127.0.0.1 at Thu Mar 17 23:29:36 +0100 2011
  Processing by UsersController#new as HTML
Rendered layouts/_stylesheets.html.erb (1.5ms)
Rendered layouts/_header.html.erb (2.1ms)
Rendered layouts/_footer.html.erb (0.7ms)
Rendered users/new.html.erb within layouts/application (10.3ms)
Completed 200 OK in 17ms (Views: 16.5ms | ActiveRecord: 0.0ms)


Started GET "/stylesheets/blueprint/screen.css" for 127.0.0.1 at Thu Mar 17 23:29:36 +0100 2011

ActionController::RoutingError (No route matches "/stylesheets/blueprint/screen.css"):
  

Rendered /var/lib/gems/1.8/gems/actionpack-3.0.5/lib/action_dispatch/middleware/templates/rescues/routing_error.erb within rescues/layout (0.8ms)


Started GET "/stylesheets/blueprint/print.css" for 127.0.0.1 at Thu Mar 17 23:29:36 +0100 2011

ActionController::RoutingError (No route matches "/stylesheets/blueprint/print.css"):
  

Rendered /var/lib/gems/1.8/gems/actionpack-3.0.5/lib/action_dispatch/middleware/templates/rescues/routing_error.erb within rescues/layout (0.7ms)


Started GET "/signup" for 127.0.0.1 at Thu Mar 17 23:29:38 +0100 2011
  Processing by UsersController#new as HTML
Rendered layouts/_stylesheets.html.erb (1.3ms)
Rendered layouts/_header.html.erb (1.7ms)
Rendered layouts/_footer.html.erb (0.8ms)
Rendered users/new.html.erb within layouts/application (8.8ms)
Completed 200 OK in 13ms (Views: 13.1ms | ActiveRecord: 0.0ms)


Started GET "/stylesheets/blueprint/screen.css" for 127.0.0.1 at Thu Mar 17 23:29:39 +0100 2011

ActionController::RoutingError (No route matches "/stylesheets/blueprint/screen.css"):
  

Rendered /var/lib/gems/1.8/gems/actionpack-3.0.5/lib/action_dispatch/middleware/templates/rescues/routing_error.erb within rescues/layout (1.0ms)


Started GET "/stylesheets/blueprint/print.css" for 127.0.0.1 at Thu Mar 17 23:29:39 +0100 2011

ActionController::RoutingError (No route matches "/stylesheets/blueprint/print.css"):
  

Rendered /var/lib/gems/1.8/gems/actionpack-3.0.5/lib/action_dispatch/middleware/templates/rescues/routing_error.erb within rescues/layout (0.7ms)


Started GET "/help" for 127.0.0.1 at Thu Mar 17 23:29:39 +0100 2011
  Processing by PagesController#help as HTML
Rendered layouts/_stylesheets.html.erb (1.1ms)
Rendered layouts/_header.html.erb (1.7ms)
Rendered layouts/_footer.html.erb (0.9ms)
Rendered pages/help.html.erb within layouts/application (8.1ms)
Completed 200 OK in 13ms (Views: 12.5ms | ActiveRecord: 0.0ms)


Started GET "/stylesheets/blueprint/screen.css" for 127.0.0.1 at Thu Mar 17 23:29:39 +0100 2011

ActionController::RoutingError (No route matches "/stylesheets/blueprint/screen.css"):
  

Rendered /var/lib/gems/1.8/gems/actionpack-3.0.5/lib/action_dispatch/middleware/templates/rescues/routing_error.erb within rescues/layout (0.9ms)


Started GET "/stylesheets/blueprint/print.css" for 127.0.0.1 at Thu Mar 17 23:29:39 +0100 2011

ActionController::RoutingError (No route matches "/stylesheets/blueprint/print.css"):
  

Rendered /var/lib/gems/1.8/gems/actionpack-3.0.5/lib/action_dispatch/middleware/templates/rescues/routing_error.erb within rescues/layout (0.7ms)


Started GET "/" for 127.0.0.1 at Thu Mar 17 23:29:40 +0100 2011
  Processing by PagesController#home as HTML
Rendered layouts/_stylesheets.html.erb (1.2ms)
Rendered layouts/_header.html.erb (1.4ms)
Rendered layouts/_footer.html.erb (0.7ms)
Rendered pages/home.html.erb within layouts/application (8.0ms)
Completed 200 OK in 14ms (Views: 13.5ms | ActiveRecord: 0.0ms)


Started GET "/stylesheets/blueprint/screen.css" for 127.0.0.1 at Thu Mar 17 23:29:40 +0100 2011

ActionController::RoutingError (No route matches "/stylesheets/blueprint/screen.css"):
  

Rendered /var/lib/gems/1.8/gems/actionpack-3.0.5/lib/action_dispatch/middleware/templates/rescues/routing_error.erb within rescues/layout (1.0ms)


Started GET "/stylesheets/blueprint/print.css" for 127.0.0.1 at Thu Mar 17 23:29:40 +0100 2011

ActionController::RoutingError (No route matches "/stylesheets/blueprint/print.css"):
  

Rendered /var/lib/gems/1.8/gems/actionpack-3.0.5/lib/action_dispatch/middleware/templates/rescues/routing_error.erb within rescues/layout (0.7ms)


Started GET "/help" for 127.0.0.1 at Thu Mar 17 23:29:41 +0100 2011
  Processing by PagesController#help as HTML
Rendered layouts/_stylesheets.html.erb (1.0ms)
Rendered layouts/_header.html.erb (1.4ms)
Rendered layouts/_footer.html.erb (1.0ms)
Rendered pages/help.html.erb within layouts/application (7.5ms)
Completed 200 OK in 12ms (Views: 11.6ms | ActiveRecord: 0.0ms)


Started GET "/stylesheets/blueprint/screen.css" for 127.0.0.1 at Thu Mar 17 23:29:41 +0100 2011

ActionController::RoutingError (No route matches "/stylesheets/blueprint/screen.css"):
  

Rendered /var/lib/gems/1.8/gems/actionpack-3.0.5/lib/action_dispatch/middleware/templates/rescues/routing_error.erb within rescues/layout (0.7ms)


Started GET "/stylesheets/blueprint/print.css" for 127.0.0.1 at Thu Mar 17 23:29:41 +0100 2011

ActionController::RoutingError (No route matches "/stylesheets/blueprint/print.css"):
  

Rendered /var/lib/gems/1.8/gems/actionpack-3.0.5/lib/action_dispatch/middleware/templates/rescues/routing_error.erb within rescues/layout (0.8ms)


Started GET "/" for 127.0.0.1 at Thu Mar 17 23:29:42 +0100 2011
  Processing by PagesController#home as HTML
Rendered layouts/_stylesheets.html.erb (1.1ms)
Rendered layouts/_header.html.erb (1.6ms)
Rendered layouts/_footer.html.erb (0.8ms)
Rendered pages/home.html.erb within layouts/application (8.4ms)
Completed 200 OK in 13ms (Views: 12.8ms | ActiveRecord: 0.0ms)


Started GET "/stylesheets/blueprint/screen.css" for 127.0.0.1 at Thu Mar 17 23:29:42 +0100 2011

ActionController::RoutingError (No route matches "/stylesheets/blueprint/screen.css"):
  

Rendered /var/lib/gems/1.8/gems/actionpack-3.0.5/lib/action_dispatch/middleware/templates/rescues/routing_error.erb within rescues/layout (0.9ms)


Started GET "/stylesheets/blueprint/print.css" for 127.0.0.1 at Thu Mar 17 23:29:42 +0100 2011

ActionController::RoutingError (No route matches "/stylesheets/blueprint/print.css"):
  

Rendered /var/lib/gems/1.8/gems/actionpack-3.0.5/lib/action_dispatch/middleware/templates/rescues/routing_error.erb within rescues/layout (0.7ms)


Started GET "/about" for 127.0.0.1 at Thu Mar 17 23:29:43 +0100 2011
  Processing by PagesController#about as HTML
Rendered layouts/_stylesheets.html.erb (1.0ms)
Rendered layouts/_header.html.erb (1.4ms)
Rendered layouts/_footer.html.erb (0.8ms)
Rendered pages/about.html.erb within layouts/application (7.5ms)
Completed 200 OK in 12ms (Views: 11.7ms | ActiveRecord: 0.0ms)


Started GET "/stylesheets/blueprint/screen.css" for 127.0.0.1 at Thu Mar 17 23:29:43 +0100 2011

ActionController::RoutingError (No route matches "/stylesheets/blueprint/screen.css"):
  

Rendered /var/lib/gems/1.8/gems/actionpack-3.0.5/lib/action_dispatch/middleware/templates/rescues/routing_error.erb within rescues/layout (0.8ms)


Started GET "/stylesheets/blueprint/print.css" for 127.0.0.1 at Thu Mar 17 23:29:43 +0100 2011

ActionController::RoutingError (No route matches "/stylesheets/blueprint/print.css"):
  

Rendered /var/lib/gems/1.8/gems/actionpack-3.0.5/lib/action_dispatch/middleware/templates/rescues/routing_error.erb within rescues/layout (0.7ms)


Started GET "/contact" for 127.0.0.1 at Thu Mar 17 23:29:44 +0100 2011
  Processing by PagesController#contact as HTML
Rendered layouts/_stylesheets.html.erb (1.0ms)
Rendered layouts/_header.html.erb (1.4ms)
Rendered layouts/_footer.html.erb (0.7ms)
Rendered pages/contact.html.erb within layouts/application (7.7ms)
Completed 200 OK in 12ms (Views: 11.8ms | ActiveRecord: 0.0ms)


Started GET "/stylesheets/blueprint/screen.css" for 127.0.0.1 at Thu Mar 17 23:29:45 +0100 2011

ActionController::RoutingError (No route matches "/stylesheets/blueprint/screen.css"):
  

Rendered /var/lib/gems/1.8/gems/actionpack-3.0.5/lib/action_dispatch/middleware/templates/rescues/routing_error.erb within rescues/layout (1.0ms)


Started GET "/stylesheets/blueprint/print.css" for 127.0.0.1 at Thu Mar 17 23:29:45 +0100 2011

ActionController::RoutingError (No route matches "/stylesheets/blueprint/print.css"):
  

Rendered /var/lib/gems/1.8/gems/actionpack-3.0.5/lib/action_dispatch/middleware/templates/rescues/routing_error.erb within rescues/layout (1.0ms)


Started GET "/video" for 127.0.0.1 at Thu Mar 17 23:30:04 +0100 2011

ActionController::RoutingError (No route matches "/video"):
  

Rendered /var/lib/gems/1.8/gems/actionpack-3.0.5/lib/action_dispatch/middleware/templates/rescues/routing_error.erb within rescues/layout (1.0ms)


Started GET "/videos" for 127.0.0.1 at Thu Mar 17 23:30:06 +0100 2011

ActionController::RoutingError (No route matches "/videos"):
  

Rendered /var/lib/gems/1.8/gems/actionpack-3.0.5/lib/action_dispatch/middleware/templates/rescues/routing_error.erb within rescues/layout (0.8ms)


Started GET "/videos/new" for 127.0.0.1 at Thu Mar 17 23:30:08 +0100 2011
  Processing by VideosController#new as HTML
Rendered layouts/_stylesheets.html.erb (1.0ms)
Rendered layouts/_header.html.erb (1.5ms)
Rendered layouts/_footer.html.erb (0.8ms)
Rendered videos/new.html.erb within layouts/application (7.5ms)
Completed 200 OK in 12ms (Views: 11.7ms | ActiveRecord: 0.0ms)


Started GET "/stylesheets/blueprint/screen.css" for 127.0.0.1 at Thu Mar 17 23:30:08 +0100 2011

ActionController::RoutingError (No route matches "/stylesheets/blueprint/screen.css"):
  

Rendered /var/lib/gems/1.8/gems/actionpack-3.0.5/lib/action_dispatch/middleware/templates/rescues/routing_error.erb within rescues/layout (0.7ms)


Started GET "/stylesheets/blueprint/print.css" for 127.0.0.1 at Thu Mar 17 23:30:08 +0100 2011

ActionController::RoutingError (No route matches "/stylesheets/blueprint/print.css"):
  

Rendered /var/lib/gems/1.8/gems/actionpack-3.0.5/lib/action_dispatch/middleware/templates/rescues/routing_error.erb within rescues/layout (0.7ms)


Started GET "/videos/new/show" for 127.0.0.1 at Thu Mar 17 23:30:12 +0100 2011

ActionController::RoutingError (No route matches "/videos/new/show"):
  

Rendered /var/lib/gems/1.8/gems/actionpack-3.0.5/lib/action_dispatch/middleware/templates/rescues/routing_error.erb within rescues/layout (1.0ms)


Started GET "/videos/new/show/1" for 127.0.0.1 at Thu Mar 17 23:30:14 +0100 2011

ActionController::RoutingError (No route matches "/videos/new/show/1"):
  

Rendered /var/lib/gems/1.8/gems/actionpack-3.0.5/lib/action_dispatch/middleware/templates/rescues/routing_error.erb within rescues/layout (1.0ms)


Started GET "/videos/show/1" for 127.0.0.1 at Thu Mar 17 23:30:18 +0100 2011

ActionController::RoutingError (No route matches "/videos/show/1"):
  

Rendered /var/lib/gems/1.8/gems/actionpack-3.0.5/lib/action_dispatch/middleware/templates/rescues/routing_error.erb within rescues/layout (0.7ms)


Started GET "/videos/1" for 127.0.0.1 at Thu Mar 17 23:30:21 +0100 2011

ActionController::RoutingError (No route matches "/videos/1"):
  

Rendered /var/lib/gems/1.8/gems/actionpack-3.0.5/lib/action_dispatch/middleware/templates/rescues/routing_error.erb within rescues/layout (0.8ms)


Started GET "/videos/" for 127.0.0.1 at Thu Mar 17 23:30:23 +0100 2011

ActionController::RoutingError (No route matches "/videos"):
  

Rendered /var/lib/gems/1.8/gems/actionpack-3.0.5/lib/action_dispatch/middleware/templates/rescues/routing_error.erb within rescues/layout (1.0ms)


Started GET "/videos/" for 127.0.0.1 at Thu Mar 17 23:33:10 +0100 2011

ActionController::RoutingError (No route matches "/videos"):
  

Rendered /var/lib/gems/1.8/gems/actionpack-3.0.5/lib/action_dispatch/middleware/templates/rescues/routing_error.erb within rescues/layout (0.7ms)


Started GET "/videos/" for 127.0.0.1 at Thu Mar 17 23:33:11 +0100 2011

ActionController::RoutingError (No route matches "/videos"):
  

Rendered /var/lib/gems/1.8/gems/actionpack-3.0.5/lib/action_dispatch/middleware/templates/rescues/routing_error.erb within rescues/layout (0.7ms)


Started GET "/" for 127.0.0.1 at Thu Mar 17 23:33:54 +0100 2011
  Processing by PagesController#home as HTML
Rendered layouts/_stylesheets.html.erb (1.1ms)
Rendered layouts/_header.html.erb (2.2ms)
Rendered layouts/_footer.html.erb (0.9ms)
Rendered pages/home.html.erb within layouts/application (9.6ms)
Completed 200 OK in 63ms (Views: 62.2ms | ActiveRecord: 0.0ms)


Started GET "/stylesheets/blueprint/screen.css" for 127.0.0.1 at Thu Mar 17 23:33:55 +0100 2011

ActionController::RoutingError (No route matches "/stylesheets/blueprint/screen.css"):
  

Rendered /var/lib/gems/1.8/gems/actionpack-3.0.5/lib/action_dispatch/middleware/templates/rescues/routing_error.erb within rescues/layout (0.8ms)


Started GET "/stylesheets/blueprint/print.css" for 127.0.0.1 at Thu Mar 17 23:33:55 +0100 2011

ActionController::RoutingError (No route matches "/stylesheets/blueprint/print.css"):
  

Rendered /var/lib/gems/1.8/gems/actionpack-3.0.5/lib/action_dispatch/middleware/templates/rescues/routing_error.erb within rescues/layout (1.0ms)


Started GET "/videos" for 127.0.0.1 at Thu Mar 17 23:33:57 +0100 2011
  Processing by VideosController#index as HTML
Rendered layouts/_stylesheets.html.erb (1.0ms)
Rendered layouts/_header.html.erb (1.4ms)
Rendered layouts/_footer.html.erb (0.8ms)
Rendered videos/index.html.erb within layouts/application (8.0ms)
Completed 200 OK in 13ms (Views: 12.3ms | ActiveRecord: 0.0ms)


Started GET "/stylesheets/blueprint/screen.css" for 127.0.0.1 at Thu Mar 17 23:33:57 +0100 2011

ActionController::RoutingError (No route matches "/stylesheets/blueprint/screen.css"):
  

Rendered /var/lib/gems/1.8/gems/actionpack-3.0.5/lib/action_dispatch/middleware/templates/rescues/routing_error.erb within rescues/layout (0.9ms)


Started GET "/stylesheets/blueprint/print.css" for 127.0.0.1 at Thu Mar 17 23:33:57 +0100 2011

ActionController::RoutingError (No route matches "/stylesheets/blueprint/print.css"):
  

Rendered /var/lib/gems/1.8/gems/actionpack-3.0.5/lib/action_dispatch/middleware/templates/rescues/routing_error.erb within rescues/layout (0.7ms)


Started GET "/videos" for 127.0.0.1 at Thu Mar 17 23:39:12 +0100 2011
  Processing by VideosController#index as HTML
  [1m[36mVideo Load (0.4ms)[0m  [1mSELECT "videos".* FROM "videos"[0m
Rendered layouts/_stylesheets.html.erb (1.1ms)
Rendered layouts/_header.html.erb (1.7ms)
Rendered layouts/_footer.html.erb (0.9ms)
Rendered videos/index.html.erb within layouts/application (8.8ms)
Completed 200 OK in 40ms (Views: 13.4ms | ActiveRecord: 0.4ms)


Started GET "/stylesheets/blueprint/screen.css" for 127.0.0.1 at Thu Mar 17 23:39:12 +0100 2011

ActionController::RoutingError (No route matches "/stylesheets/blueprint/screen.css"):
  

Rendered /var/lib/gems/1.8/gems/actionpack-3.0.5/lib/action_dispatch/middleware/templates/rescues/routing_error.erb within rescues/layout (1.2ms)


Started GET "/stylesheets/blueprint/print.css" for 127.0.0.1 at Thu Mar 17 23:39:13 +0100 2011

ActionController::RoutingError (No route matches "/stylesheets/blueprint/print.css"):
  

Rendered /var/lib/gems/1.8/gems/actionpack-3.0.5/lib/action_dispatch/middleware/templates/rescues/routing_error.erb within rescues/layout (1.1ms)
